<?xml version="1.0" encoding="UTF-8"?>
<!-- Generated by org.testng.reporters.JUnitReportReporter -->
<testsuite hostname="DESKTOP-1RHU1NU" failures="0" tests="3" name="myprograms.Annotatinmethod" time="56.937" errors="0" timestamp="2021-08-22T12:52:30 IST" skipped="0">
  <testcase classname="myprograms.Annotatinmethod" name="login" time="19.070"/>
  <system-out>
    <![CDATA[actiTIME - Login
https://demo.actitime.com/login.do]]>
  </system-out>
  <testcase classname="myprograms.Annotatinmethod" name="login" time="16.992"/>
  <system-out>
    <![CDATA[actiTIME - Login
https://demo.actitime.com/login.do]]>
  </system-out>
  <testcase classname="myprograms.Annotatinmethod" name="login" time="20.875"/>
  <system-out>
    <![CDATA[actiTIME - Login
https://demo.actitime.com/login.do]]>
  </system-out>
</testsuite> <!-- myprograms.Annotatinmethod -->
